[23:16:51] [main/INFO]: Setting user: Player584
[23:16:53] [Client thread/INFO]: LWJGL Version: 2.9.1
[23:16:58] [Client thread/INFO]: Reloading ResourceManager: Default, FMLFileResourcePack:Forge Mod Loader, FMLFileResourcePack:Minecraft Forge, FMLFileResourcePack:Testeroni
[23:16:59] [Sound Library Loader/INFO]: Sound engine started
[23:16:59] [Client thread/INFO]: Created: 16x16 textures/blocks-atlas
[23:16:59] [Client thread/INFO]: Created: 16x16 textures/items-atlas
[23:16:59] [Client thread/INFO]: Reloading ResourceManager: Default, FMLFileResourcePack:Forge Mod Loader, FMLFileResourcePack:Minecraft Forge, FMLFileResourcePack:Testeroni
[23:17:00] [Client thread/INFO]: Created: 256x256 textures/items-atlas
[23:17:00] [Client thread/INFO]: Created: 512x256 textures/blocks-atlas
[23:17:01] [Sound Library Loader/INFO]: Sound engine started
[23:19:48] [Client thread/INFO]: Stopping!
775
[23:19:02] [Client thread/INFO]: LWJGL Version: 2.9.1
[23:19:08] [Client thread/INFO]: Reloading ResourceManager: Default, FMLFileResourcePack:Forge Mod Loader, FMLFileResourcePack:Minecraft Forge, FMLFileResourcePack:Testeroni
[23:19:08] [Sound Library Loader/INFO]: Sound engine started
[23:19:09] [Client thread/INFO]: Created: 16x16 textures/blocks-atlas
[23:19:09] [Client thread/INFO]: Created: 16x16 textures/items-atlas
[23:19:09] [Client thread/INFO]: Reloading ResourceManager: Default, FMLFileResourcePack:Forge Mod Loader, FMLFileResourcePack:Minecraft Forge, FMLFileResourcePack:Testeroni
[23:19:09] [Client thread/INFO]: Created: 256x256 textures/items-atlas
[23:19:09] [Client thread/INFO]: Created: 512x256 textures/blocks-atlas
[23:19:10] [Sound Library Loader/INFO]: Sound engine started
[23:19:27] [Client thread/INFO]: Stopping!
[23:19:44] [main/INFO]: Setting user: Player418
[23:19:45] [Client thread/INFO]: LWJGL Version: 2.9.1
[23:19:51] [Client thread/INFO]: Reloading ResourceManager: Default, FMLFileResourcePack:Forge Mod Loader, FMLFileResourcePack:Minecraft Forge, FMLFileResourcePack:Testeroni
[23:19:52] [Sound Library Loader/INFO]: Sound engine started
[23:19:52] [Client thread/INFO]: Created: 16x16 textures/blocks-atlas
[23:19:52] [Client thread/INFO]: Created: 16x16 textures/items-atlas
[23:19:52] [Client thread/INFO]: Reloading ResourceManager: Default, FMLFileResourcePack:Forge Mod Loader, FMLFileResourcePack:Minecraft Forge, FMLFileResourcePack:Testeroni
[23:19:52] [Client thread/INFO]: Created: 256x256 textures/items-atlas
[23:19:53] [Client thread/INFO]: Created: 512x256 textures/blocks-atlas
[23:19:54] [Sound Library Loader/INFO]: Sound engine started
[23:19:54] [Client thread/INFO]: Stopping!
